{
  "RSpec": {
    "coverage": {
      "/home/carlos/Rails/human_resources/app/helpers/application_helper.rb": [
        1,
        null,
        1,
        0,
        null,
        0,
        0,
        null,
        0,
        null,
        null,
        null
      ],
      "/home/carlos/Rails/human_resources/app/helpers/people_helper.rb": [
        1,
        null
      ],
      "/home/carlos/Rails/human_resources/app/helpers/static_pages_helper.rb": [
        1,
        null
      ],
      "/home/carlos/Rails/human_resources/app/controllers/people_controller.rb": [
        1,
        1,
        2,
        null,
        null,
        1,
        1,
        null,
        null,
        1,
        4,
        null,
        4,
        2,
        null,
        2,
        null,
        null,
        null,
        1,
        6,
        null,
        6,
        3,
        null,
        3,
        null,
        null,
        null,
        1,
        1,
        null,
        null,
        1,
        2,
        null,
        null,
        1,
        2,
        2,
        null,
        2,
        null,
        null,
        1,
        1,
        10,
        null,
        null
      ],
      "/home/carlos/Rails/human_resources/app/controllers/application_controller.rb": [
        1,
        null,
        null,
        1,
        null
      ],
      "/home/carlos/Rails/human_resources/app/models/person.rb": [
        1,
        1,
        1,
        null,
        1,
        1,
        1,
        1,
        null,
        1,
        null,
        null,
        null,
        1,
        0,
        null,
        null
      ]
    },
    "timestamp": 1409857740
  }
}
